<?xml version="1.0" encoding="UTF-8"?>
<!-- Generated by org.testng.reporters.JUnitXMLReporter -->
<testsuite ignored="0" hostname="DESKTOP-JBNHPPI" failures="0" tests="5" name="Default test" time="2.07" errors="0" timestamp="2025-11-18T15:18:38 IST">
  <testcase classname="api.test.UserAPITest_DataDriven" name="testDelete" time="1.168"/>
  <testcase classname="api.test.UserAPITest_DataDriven" name="testDelete" time="0.017"/>
  <testcase classname="api.test.UserAPITest_DataDriven" name="testDelete" time="0.013"/>
  <testcase classname="api.test.UserAPITest_DataDriven" name="testDelete" time="0.012"/>
  <testcase classname="api.test.UserAPITest_DataDriven" name="testDelete" time="0.014"/>
</testsuite> <!-- Default test -->
