<?xml version="1.0" encoding="UTF-8"?>
<!-- Generated by org.testng.reporters.JUnitXMLReporter -->
<testsuite ignored="0" hostname="DESKTOP-JBNHPPI" failures="0" tests="8" name="Test" time="2.613" errors="0" timestamp="2025-11-18T15:52:45 IST">
  <testcase classname="api.test.UserTest" name="testPost" time="1.421"/>
  <testcase classname="api.test.UserTest" name="testGet" time="0.033"/>
  <testcase classname="api.test.UserTest" name="testPut" time="0.028"/>
  <testcase classname="api.test.UserAPITest_DataDriven" name="testDelete" time="0.015"/>
  <testcase classname="api.test.UserAPITest_DataDriven" name="testDelete" time="0.009"/>
  <testcase classname="api.test.UserAPITest_DataDriven" name="testDelete" time="0.014"/>
  <testcase classname="api.test.UserAPITest_DataDriven" name="testDelete" time="0.011"/>
  <testcase classname="api.test.UserAPITest_DataDriven" name="testDelete" time="0.011"/>
</testsuite> <!-- Test -->
