<?xml version="1.0" encoding="UTF-8"?>
<testng-results ignored="0" total="8" passed="8" failed="0" skipped="0">
  <reporter-output>
  </reporter-output>
  <suite started-at="2025-11-18T15:52:42 IST" name="Suite" finished-at="2025-11-18T15:52:44 IST" duration-ms="2613">
    <groups>
    </groups>
    <test started-at="2025-11-18T15:52:42 IST" name="Test" finished-at="2025-11-18T15:52:44 IST" duration-ms="2613">
      <class name="api.test.UserTest">
        <test-method is-config="true" signature="setData()[pri:0, instance:api.test.UserTest@34e9fd99]" started-at="2025-11-18T15:52:42 IST" name="setData" finished-at="2025-11-18T15:52:42 IST" duration-ms="37" status="PASS">
          <reporter-output>
          </reporter-output>
        </test-method> <!-- setData -->
        <test-method signature="testPost()[pri:1, instance:api.test.UserTest@34e9fd99]" started-at="2025-11-18T15:52:42 IST" name="testPost" finished-at="2025-11-18T15:52:43 IST" duration-ms="1421" status="PASS">
          <reporter-output>
          </reporter-output>
        </test-method> <!-- testPost -->
        <test-method signature="testGet()[pri:2, instance:api.test.UserTest@34e9fd99]" started-at="2025-11-18T15:52:43 IST" name="testGet" finished-at="2025-11-18T15:52:43 IST" duration-ms="33" status="PASS">
          <reporter-output>
          </reporter-output>
        </test-method> <!-- testGet -->
        <test-method signature="testPut()[pri:3, instance:api.test.UserTest@34e9fd99]" started-at="2025-11-18T15:52:43 IST" name="testPut" finished-at="2025-11-18T15:52:43 IST" duration-ms="28" status="PASS">
          <reporter-output>
          </reporter-output>
        </test-method> <!-- testPut -->
      </class> <!-- api.test.UserTest -->
      <class name="api.test.UserAPITest_DataDriven">
        <test-method signature="testDelete(java.lang.String)[pri:4, instance:api.test.UserAPITest_DataDriven@40a4337a]" started-at="2025-11-18T15:52:44 IST" name="testDelete" data-provider="getStudentID" finished-at="2025-11-18T15:52:44 IST" duration-ms="15" status="PASS">
          <params>
            <param index="0">
              <value>
                <![CDATA[100]]>
              </value>
            </param>
          </params>
          <reporter-output>
          </reporter-output>
        </test-method> <!-- testDelete -->
        <test-method signature="testDelete(java.lang.String)[pri:4, instance:api.test.UserAPITest_DataDriven@40a4337a]" started-at="2025-11-18T15:52:44 IST" name="testDelete" data-provider="getStudentID" finished-at="2025-11-18T15:52:44 IST" duration-ms="9" status="PASS">
          <params>
            <param index="0">
              <value>
                <![CDATA[101]]>
              </value>
            </param>
          </params>
          <reporter-output>
          </reporter-output>
        </test-method> <!-- testDelete -->
        <test-method signature="testDelete(java.lang.String)[pri:4, instance:api.test.UserAPITest_DataDriven@40a4337a]" started-at="2025-11-18T15:52:44 IST" name="testDelete" data-provider="getStudentID" finished-at="2025-11-18T15:52:44 IST" duration-ms="14" status="PASS">
          <params>
            <param index="0">
              <value>
                <![CDATA[102]]>
              </value>
            </param>
          </params>
          <reporter-output>
          </reporter-output>
        </test-method> <!-- testDelete -->
        <test-method signature="testDelete(java.lang.String)[pri:4, instance:api.test.UserAPITest_DataDriven@40a4337a]" started-at="2025-11-18T15:52:44 IST" name="testDelete" data-provider="getStudentID" finished-at="2025-11-18T15:52:44 IST" duration-ms="11" status="PASS">
          <params>
            <param index="0">
              <value>
                <![CDATA[103]]>
              </value>
            </param>
          </params>
          <reporter-output>
          </reporter-output>
        </test-method> <!-- testDelete -->
        <test-method signature="testDelete(java.lang.String)[pri:4, instance:api.test.UserAPITest_DataDriven@40a4337a]" started-at="2025-11-18T15:52:44 IST" name="testDelete" data-provider="getStudentID" finished-at="2025-11-18T15:52:44 IST" duration-ms="11" status="PASS">
          <params>
            <param index="0">
              <value>
                <![CDATA[104]]>
              </value>
            </param>
          </params>
          <reporter-output>
          </reporter-output>
        </test-method> <!-- testDelete -->
      </class> <!-- api.test.UserAPITest_DataDriven -->
    </test> <!-- Test -->
  </suite> <!-- Suite -->
</testng-results>
