<?xml version="1.0" encoding="UTF-8"?>
<!-- Generated by org.testng.reporters.JUnitReportReporter -->
<testsuite hostname="DESKTOP-JBNHPPI" failures="0" tests="3" name="api.test.UserTest" time="1.482" errors="0" timestamp="2025-11-18T15:52:45 IST" skipped="0">
  <testcase classname="api.test.UserTest" name="testPost" time="1.421"/>
  <testcase classname="api.test.UserTest" name="testGet" time="0.033"/>
  <testcase classname="api.test.UserTest" name="testPut" time="0.028"/>
</testsuite> <!-- api.test.UserTest -->
