<?xml version="1.0" encoding="UTF-8"?>
<!-- Generated by org.testng.reporters.JUnitReportReporter -->
<testsuite hostname="DESKTOP-JBNHPPI" failures="0" tests="5" name="api.test.UserAPITest_DataDriven" time="0.060" errors="0" timestamp="2025-11-18T15:52:45 IST" skipped="0">
  <testcase classname="api.test.UserAPITest_DataDriven" name="testDelete" time="0.011"/>
  <testcase classname="api.test.UserAPITest_DataDriven" name="testDelete" time="0.014"/>
  <testcase classname="api.test.UserAPITest_DataDriven" name="testDelete" time="0.011"/>
  <testcase classname="api.test.UserAPITest_DataDriven" name="testDelete" time="0.009"/>
  <testcase classname="api.test.UserAPITest_DataDriven" name="testDelete" time="0.015"/>
</testsuite> <!-- api.test.UserAPITest_DataDriven -->
